  Copy OpenAL DLL
C:\Program Files\Microsoft Visual Studio\2022\Community\MSBuild\Microsoft\VC\v170\Microsoft.CppBuild.targets(1119,5): warning MSB8027: Two or more files with the name of tilemap.cpp will produce outputs to the same location. This can lead to an incorrect build result.  The files involved are src\core\tools\tilemap.cpp, tilemap.cpp.
  main.cpp
  root.cpp
  character.cpp
  game.cpp
C:\Program Files\Microsoft Visual Studio\2022\Community\VC\Tools\MSVC\14.41.34120\include\memory(3597,35): error C2665: 'character::character': no overloaded function could convert all the argument types
  (compiling source file 'src/scenes/game.cpp')
      C:\Users\micha\OneDrive\Documents\GitHub\JTile\headers\entities\character\character.h(12,1):
      could be 'character::character(character &&)'
          C:\Program Files\Microsoft Visual Studio\2022\Community\VC\Tools\MSVC\14.41.34120\include\memory(3597,35):
          'character::character(character &&)': cannot convert argument 1 from '_Ty' to 'character &&'
          with
          [
              _Ty=sf::RenderWindow *
          ]
              C:\Program Files\Microsoft Visual Studio\2022\Community\VC\Tools\MSVC\14.41.34120\include\memory(3597,56):
              Reason: cannot convert from '_Ty' to 'character'
          with
          [
              _Ty=sf::RenderWindow *
          ]
      C:\Users\micha\OneDrive\Documents\GitHub\JTile\headers\entities\character\character.h(12,1):
      or       'character::character(const character &)'
          C:\Program Files\Microsoft Visual Studio\2022\Community\VC\Tools\MSVC\14.41.34120\include\memory(3597,35):
          'character::character(const character &)': cannot convert argument 1 from '_Ty' to 'const character &'
          with
          [
              _Ty=sf::RenderWindow *
          ]
              C:\Program Files\Microsoft Visual Studio\2022\Community\VC\Tools\MSVC\14.41.34120\include\memory(3597,56):
              Reason: cannot convert from '_Ty' to 'const character'
          with
          [
              _Ty=sf::RenderWindow *
          ]
      C:\Program Files\Microsoft Visual Studio\2022\Community\VC\Tools\MSVC\14.41.34120\include\memory(3597,35):
      while trying to match the argument list '(_Ty)'
          with
          [
              _Ty=sf::RenderWindow *
          ]
      C:\Program Files\Microsoft Visual Studio\2022\Community\VC\Tools\MSVC\14.41.34120\include\memory(3597,35):
      the template instantiation context (the oldest one first) is
          C:\Users\micha\OneDrive\Documents\GitHub\JTile\src\scenes\game.cpp(9,19):
          see reference to function template instantiation 'std::unique_ptr<character,std::default_delete<character>> std::make_unique<character,sf::RenderWindow*,0>(sf::RenderWindow *&&)' being compiled
  
  Generating Code...
