c:\users\micha\onedrive\documents\github\jtile\main.dir\debug\vc143.pdb
c:\users\micha\onedrive\documents\github\jtile\main.dir\debug\tilemap.obj
c:\users\micha\onedrive\documents\github\jtile\main.dir\debug\title.obj
c:\users\micha\onedrive\documents\github\jtile\main.dir\debug\character.obj
c:\users\micha\onedrive\documents\github\jtile\main.dir\debug\baseobject.obj
c:\users\micha\onedrive\documents\github\jtile\main.dir\debug\particles.obj
c:\users\micha\onedrive\documents\github\jtile\main.dir\debug\menu.obj
c:\users\micha\onedrive\documents\github\jtile\main.dir\debug\game.obj
c:\users\micha\onedrive\documents\github\jtile\main.dir\debug\basegamestate.obj
c:\users\micha\onedrive\documents\github\jtile\main.dir\debug\root.obj
c:\users\micha\onedrive\documents\github\jtile\main.dir\debug\main.obj
c:\users\micha\onedrive\documents\github\jtile\cmakefiles\generate.stamp
c:\users\micha\onedrive\documents\github\jtile\bin\debug\main.pdb
c:\users\micha\onedrive\documents\github\jtile\main.dir\debug\main.tlog\cl.command.1.tlog
c:\users\micha\onedrive\documents\github\jtile\main.dir\debug\main.tlog\cl.read.1.tlog
c:\users\micha\onedrive\documents\github\jtile\main.dir\debug\main.tlog\cl.write.1.tlog
c:\users\micha\onedrive\documents\github\jtile\main.dir\debug\main.tlog\custombuild.command.1.tlog
c:\users\micha\onedrive\documents\github\jtile\main.dir\debug\main.tlog\custombuild.read.1.tlog
c:\users\micha\onedrive\documents\github\jtile\main.dir\debug\main.tlog\custombuild.write.1.tlog
c:\users\micha\onedrive\documents\github\jtile\main.dir\debug\main.tlog\link-cvtres.read.1.tlog
c:\users\micha\onedrive\documents\github\jtile\main.dir\debug\main.tlog\link-cvtres.write.1.tlog
c:\users\micha\onedrive\documents\github\jtile\main.dir\debug\main.tlog\link-rc.read.1.tlog
c:\users\micha\onedrive\documents\github\jtile\main.dir\debug\main.tlog\link-rc.write.1.tlog
c:\users\micha\onedrive\documents\github\jtile\main.dir\debug\main.tlog\link.command.1.tlog
c:\users\micha\onedrive\documents\github\jtile\main.dir\debug\main.tlog\link.read.1.tlog
c:\users\micha\onedrive\documents\github\jtile\main.dir\debug\main.tlog\link.read.2.tlog
c:\users\micha\onedrive\documents\github\jtile\main.dir\debug\main.tlog\link.read.3.tlog
c:\users\micha\onedrive\documents\github\jtile\main.dir\debug\main.tlog\link.read.4.tlog
c:\users\micha\onedrive\documents\github\jtile\main.dir\debug\main.tlog\link.write.1.tlog
